лют. 24, 2024 4:53:15 ПП Main getSamsungsData
WARNING: Створення моделі телефону з класу galaxy: Samsung{name=Galaxy} Phone{id=64, model='Galaxy M92', color='Pearl White', RAM=8, camera=64, usability=true}
лют. 24, 2024 4:53:15 ПП Main getSamsungsData
SEVERE: Створення моделі телефону з класу galaxy: Samsung{name=Galaxy} Phone{id=65, model='Galaxy A02 Plus', color='Red', RAM=3, camera=13, usability=true}
лют. 24, 2024 4:53:15 ПП Main getSamsungsData
WARNING: Створення моделі телефону з класу galaxy: Samsung{name=Galaxy} Phone{id=65, model='Galaxy A02 Plus', color='Red', RAM=3, camera=13, usability=true}
лют. 24, 2024 4:53:15 ПП Main getSamsungsData
SEVERE: Створення моделі телефону з класу galaxy: Samsung{name=Galaxy} Phone{id=66, model='Galaxy S20 Lite', color='Cloud Pink', RAM=6, camera=12, usability=true}
лют. 24, 2024 4:53:15 ПП Main getSamsungsData
WARNING: Створення моделі телефону з класу galaxy: Samsung{name=Galaxy} Phone{id=66, model='Galaxy S20 Lite', color='Cloud Pink', RAM=6, camera=12, usability=true}
лют. 24, 2024 4:53:15 ПП Main getSamsungsData
SEVERE: Створення моделі телефону з класу galaxy: Samsung{name=Galaxy} Phone{id=67, model='Galaxy A52 Plus', color='Awesome Cyan', RAM=6, camera=64, usability=true}
лют. 24, 2024 4:53:15 ПП Main getSamsungsData
WARNING: Створення моделі телефону з класу galaxy: Samsung{name=Galaxy} Phone{id=67, model='Galaxy A52 Plus', color='Awesome Cyan', RAM=6, camera=64, usability=true}
лют. 24, 2024 4:53:15 ПП Main getSamsungsData
SEVERE: Створення моделі телефону з класу galaxy: Samsung{name=Galaxy} Phone{id=68, model='Galaxy M42 Lite', color='Prism Dot Black', RAM=6, camera=48, usability=true}
лют. 24, 2024 4:53:15 ПП Main getSamsungsData
WARNING: Створення моделі телефону з класу galaxy: Samsung{name=Galaxy} Phone{id=68, model='Galaxy M42 Lite', color='Prism Dot Black', RAM=6, camera=48, usability=true}
лют. 24, 2024 4:53:15 ПП Main getSamsungsData
SEVERE: Створення моделі телефону з класу galaxy: Samsung{name=Galaxy} Phone{id=69, model='Galaxy S12', color='Titanium Silver', RAM=12, camera=108, usability=true}
лют. 24, 2024 4:53:15 ПП Main getSamsungsData
WARNING: Створення моделі телефону з класу galaxy: Samsung{name=Galaxy} Phone{id=69, model='Galaxy S12', color='Titanium Silver', RAM=12, camera=108, usability=true}
лют. 24, 2024 4:53:15 ПП Main getSamsungsData
SEVERE: Створення моделі телефону з класу galaxy: Samsung{name=Galaxy} Phone{id=70, model='Galaxy M112', color='Space Gray', RAM=4, camera=48, usability=true}
лют. 24, 2024 4:53:15 ПП Main getSamsungsData
WARNING: Створення моделі телефону з класу galaxy: Samsung{name=Galaxy} Phone{id=70, model='Galaxy M112', color='Space Gray', RAM=4, camera=48, usability=true}
лют. 24, 2024 4:53:15 ПП Main getSamsungsData
SEVERE: Створення моделі телефону з класу galaxy: Samsung{name=Galaxy} Phone{id=71, model='Galaxy A32 Lite', color='Prism Crush Green', RAM=4, camera=64, usability=true}
лют. 24, 2024 4:53:15 ПП Main getSamsungsData
WARNING: Створення моделі телефону з класу galaxy: Samsung{name=Galaxy} Phone{id=71, model='Galaxy A32 Lite', color='Prism Crush Green', RAM=4, camera=64, usability=true}
лют. 24, 2024 4:53:15 ПП Main getSamsungsData
SEVERE: Створення моделі телефону з класу galaxy: Samsung{name=Galaxy} Phone{id=72, model='Galaxy S21 Pro', color='Phantom Blue', RAM=8, camera=12, usability=true}
лют. 24, 2024 4:53:15 ПП Main getSamsungsData
WARNING: Створення моделі телефону з класу galaxy: Samsung{name=Galaxy} Phone{id=72, model='Galaxy S21 Pro', color='Phantom Blue', RAM=8, camera=12, usability=true}
лют. 24, 2024 4:53:15 ПП Main getSamsungsData
SEVERE: Створення моделі телефону з класу galaxy: Samsung{name=Galaxy} Phone{id=73, model='Galaxy A92', color='Sunset Orange', RAM=8, camera=64, usability=true}
лют. 24, 2024 4:53:15 ПП Main getSamsungsData
WARNING: Створення моделі телефону з класу galaxy: Samsung{name=Galaxy} Phone{id=73, model='Galaxy A92', color='Sunset Orange', RAM=8, camera=64, usability=true}
лют. 24, 2024 4:53:15 ПП Main getSamsungsData
SEVERE: Створення моделі телефону з класу galaxy: Samsung{name=Galaxy} Phone{id=74, model='Galaxy M52s', color='Arctic White', RAM=8, camera=64, usability=true}
лют. 24, 2024 4:53:15 ПП Main getSamsungsData
WARNING: Створення моделі телефону з класу galaxy: Samsung{name=Galaxy} Phone{id=74, model='Galaxy M52s', color='Arctic White', RAM=8, camera=64, usability=true}
лют. 24, 2024 4:53:15 ПП Main getSamsungsData
SEVERE: Створення моделі телефону з класу galaxy: Samsung{name=Galaxy} Phone{id=75, model='Galaxy A112', color='Turquoise', RAM=4, camera=48, usability=true}
лют. 24, 2024 4:53:15 ПП Main getSamsungsData
WARNING: Створення моделі телефону з класу galaxy: Samsung{name=Galaxy} Phone{id=75, model='Galaxy A112', color='Turquoise', RAM=4, camera=48, usability=true}
лют. 24, 2024 4:53:15 ПП Main getSamsungsData
SEVERE: Створення моделі телефону з класу galaxy: Samsung{name=Galaxy} Phone{id=76, model='Galaxy S22 Ultra', color='Cosmic Black', RAM=16, camera=108, usability=true}
лют. 24, 2024 4:53:15 ПП Main getSamsungsData
WARNING: Створення моделі телефону з класу galaxy: Samsung{name=Galaxy} Phone{id=76, model='Galaxy S22 Ultra', color='Cosmic Black', RAM=16, camera=108, usability=true}
лют. 24, 2024 4:53:15 ПП Main getSamsungsData
SEVERE: Створення моделі телефону з класу galaxy: Samsung{name=Galaxy} Phone{id=77, model='Galaxy M122', color='Blush Pink', RAM=6, camera=48, usability=true}
лют. 24, 2024 4:53:15 ПП Main getSamsungsData
WARNING: Створення моделі телефону з класу galaxy: Samsung{name=Galaxy} Phone{id=77, model='Galaxy M122', color='Blush Pink', RAM=6, camera=48, usability=true}
лют. 24, 2024 4:53:15 ПП Main getSamsungsData
SEVERE: Створення моделі телефону з класу galaxy: Samsung{name=Galaxy} Phone{id=78, model='Galaxy A72s', color='Prism Crush Red', RAM=8, camera=64, usability=true}
лют. 24, 2024 4:53:15 ПП Main getSamsungsData
WARNING: Створення моделі телефону з класу galaxy: Samsung{name=Galaxy} Phone{id=78, model='Galaxy A72s', color='Prism Crush Red', RAM=8, camera=64, usability=true}
лют. 24, 2024 4:53:15 ПП Main getSamsungsData
SEVERE: Створення моделі телефону з класу galaxy: Samsung{name=Galaxy} Phone{id=79, model='Galaxy S21 Lite', color='Cloud Yellow', RAM=6, camera=12, usability=true}
лют. 24, 2024 4:53:15 ПП Main getSamsungsData
WARNING: Створення моделі телефону з класу galaxy: Samsung{name=Galaxy} Phone{id=79, model='Galaxy S21 Lite', color='Cloud Yellow', RAM=6, camera=12, usability=true}
лют. 24, 2024 4:53:15 ПП Main getSamsungsData
SEVERE: Створення моделі телефону з класу galaxy: Samsung{name=Galaxy} Phone{id=80, model='Galaxy A142', color='Coral', RAM=3, camera=13, usability=true}
лют. 24, 2024 4:53:15 ПП Main getSamsungsData
WARNING: Створення моделі телефону з класу galaxy: Samsung{name=Galaxy} Phone{id=80, model='Galaxy A142', color='Coral', RAM=3, camera=13, usability=true}
лют. 24, 2024 4:53:15 ПП Main getSamsungsData
SEVERE: Створення моделі телефону з класу galaxy: Samsung{name=Galaxy} Phone{id=81, model='Galaxy M32 Lite', color='Midnight Black', RAM=6, camera=64, usability=true}
лют. 24, 2024 4:53:15 ПП Main getSamsungsData
WARNING: Створення моделі телефону з класу galaxy: Samsung{name=Galaxy} Phone{id=81, model='Galaxy M32 Lite', color='Midnight Black', RAM=6, camera=64, usability=true}
лют. 24, 2024 4:53:15 ПП Main getSamsungsData
SEVERE: Створення моделі телефону з класу galaxy: Samsung{name=Galaxy} Phone{id=82, model='Galaxy S22 Plus', color='Celestial Silver', RAM=12, camera=108, usability=true}
лют. 24, 2024 4:53:15 ПП Main getSamsungsData
WARNING: Створення моделі телефону з класу galaxy: Samsung{name=Galaxy} Phone{id=82, model='Galaxy S22 Plus', color='Celestial Silver', RAM=12, camera=108, usability=true}
лют. 24, 2024 4:53:15 ПП Main getSamsungsData
SEVERE: Створення моделі телефону з класу galaxy: Samsung{name=Galaxy} Phone{id=83, model='Galaxy A102', color='Cherry Red', RAM=4, camera=48, usability=true}
лют. 24, 2024 4:53:15 ПП Main getSamsungsData
WARNING: Створення моделі телефону з класу galaxy: Samsung{name=Galaxy} Phone{id=83, model='Galaxy A102', color='Cherry Red', RAM=4, camera=48, usability=true}
лют. 24, 2024 4:53:15 ПП Main getSamsungsData
SEVERE: Створення моделі телефону з класу galaxy: Samsung{name=Galaxy} Phone{id=84, model='Galaxy M82s', color='Ocean Green', RAM=8, camera=64, usability=true}
лют. 24, 2024 4:53:15 ПП Main getSamsungsData
WARNING: Створення моделі телефону з класу galaxy: Samsung{name=Galaxy} Phone{id=84, model='Galaxy M82s', color='Ocean Green', RAM=8, camera=64, usability=true}
лют. 24, 2024 4:53:15 ПП Main getSamsungsData
SEVERE: Створення моделі телефону з класу galaxy: Samsung{name=Galaxy} Phone{id=85, model='Galaxy A62s', color='Sunrise Gold', RAM=6, camera=64, usability=true}
лют. 24, 2024 4:53:15 ПП Main getSamsungsData
WARNING: Створення моделі телефону з класу galaxy: Samsung{name=Galaxy} Phone{id=85, model='Galaxy A62s', color='Sunrise Gold', RAM=6, camera=64, usability=true}
лют. 24, 2024 4:53:15 ПП Main getSamsungsData
SEVERE: Створення моделі телефону з класу galaxy: Samsung{name=Galaxy} Phone{id=86, model='Galaxy S21 Prime', color='Mystic Pink', RAM=8, camera=12, usability=true}
лют. 24, 2024 4:53:15 ПП Main getSamsungsData
WARNING: Створення моделі телефону з класу galaxy: Samsung{name=Galaxy} Phone{id=86, model='Galaxy S21 Prime', color='Mystic Pink', RAM=8, camera=12, usability=true}
лют. 24, 2024 4:53:15 ПП Main getSamsungsData
SEVERE: Створення моделі телефону з класу galaxy: Samsung{name=Galaxy} Phone{id=87, model='Galaxy M92 Lite', color='Sky Blue', RAM=8, camera=64, usability=true}
лют. 24, 2024 4:53:15 ПП Main getSamsungsData
WARNING: Створення моделі телефону з класу galaxy: Samsung{name=Galaxy} Phone{id=87, model='Galaxy M92 Lite', color='Sky Blue', RAM=8, camera=64, usability=true}
лют. 24, 2024 4:53:15 ПП Main getSamsungsData
SEVERE: Створення моделі телефону з класу galaxy: Samsung{name=Galaxy} Phone{id=88, model='Galaxy A22 Plus', color='Purple', RAM=4, camera=48, usability=true}
лют. 24, 2024 4:53:15 ПП Main getSamsungsData
WARNING: Створення моделі телефону з класу galaxy: Samsung{name=Galaxy} Phone{id=88, model='Galaxy A22 Plus', color='Purple', RAM=4, camera=48, usability=true}
лют. 24, 2024 4:53:15 ПП Main getSamsungsData
SEVERE: Створення моделі телефону з класу galaxy: Samsung{name=Galaxy} Phone{id=89, model='Galaxy S22 Lite', color='Cloud Green', RAM=6, camera=12, usability=true}
лют. 24, 2024 4:53:15 ПП Main getSamsungsData
WARNING: Створення моделі телефону з класу galaxy: Samsung{name=Galaxy} Phone{id=89, model='Galaxy S22 Lite', color='Cloud Green', RAM=6, camera=12, usability=true}
лют. 24, 2024 4:53:15 ПП Main getSamsungsData
SEVERE: Створення моделі телефону з класу galaxy: Samsung{name=Galaxy} Phone{id=90, model='Galaxy A52 Pro', color='Prism Crush Orange', RAM=6, camera=64, usability=true}
лют. 24, 2024 4:53:15 ПП Main getSamsungsData
WARNING: Створення моделі телефону з класу galaxy: Samsung{name=Galaxy} Phone{id=90, model='Galaxy A52 Pro', color='Prism Crush Orange', RAM=6, camera=64, usability=true}
лют. 24, 2024 4:53:15 ПП Main getSamsungsData
SEVERE: Створення моделі телефону з класу galaxy: Samsung{name=Galaxy} Phone{id=91, model='Galaxy M112s', color='Goldenrod', RAM=4, camera=48, usability=true}
лют. 24, 2024 4:53:15 ПП Main getSamsungsData
WARNING: Створення моделі телефону з класу galaxy: Samsung{name=Galaxy} Phone{id=91, model='Galaxy M112s', color='Goldenrod', RAM=4, camera=48, usability=true}
лют. 24, 2024 4:53:15 ПП Main getSamsungsData
SEVERE: Створення моделі телефону з класу galaxy: Samsung{name=Galaxy} Phone{id=92, model='Galaxy S21 Zoom', color='Mystic Orange', RAM=8, camera=12, usability=true}
лют. 24, 2024 4:53:15 ПП Main getSamsungsData
WARNING: Створення моделі телефону з класу galaxy: Samsung{name=Galaxy} Phone{id=92, model='Galaxy S21 Zoom', color='Mystic Orange', RAM=8, camera=12, usability=true}
лют. 24, 2024 4:53:15 ПП Main getSamsungsData
SEVERE: Створення моделі телефону з класу galaxy: Samsung{name=Galaxy} Phone{id=93, model='Galaxy A92 Lite', color='Silver Frost', RAM=8, camera=64, usability=true}
лют. 24, 2024 4:53:15 ПП Main getSamsungsData
WARNING: Створення моделі телефону з класу galaxy: Samsung{name=Galaxy} Phone{id=93, model='Galaxy A92 Lite', color='Silver Frost', RAM=8, camera=64, usability=true}
лют. 24, 2024 4:53:15 ПП Main getSamsungsData
SEVERE: Створення моделі телефону з класу galaxy: Samsung{name=Galaxy} Phone{id=94, model='Galaxy M52 Lite', color='Aqua Blue', RAM=8, camera=64, usability=true}
лют. 24, 2024 4:53:15 ПП Main getSamsungsData
WARNING: Створення моделі телефону з класу galaxy: Samsung{name=Galaxy} Phone{id=94, model='Galaxy M52 Lite', color='Aqua Blue', RAM=8, camera=64, usability=true}
лют. 24, 2024 4:53:15 ПП Main getSamsungsData
SEVERE: Створення моделі телефону з класу galaxy: Samsung{name=Galaxy} Phone{id=95, model='Galaxy A112s', color='Magenta', RAM=4, camera=48, usability=true}
лют. 24, 2024 4:53:15 ПП Main getSamsungsData
WARNING: Створення моделі телефону з класу galaxy: Samsung{name=Galaxy} Phone{id=95, model='Galaxy A112s', color='Magenta', RAM=4, camera=48, usability=true}
лют. 24, 2024 4:53:15 ПП Main getSamsungsData
SEVERE: Створення моделі телефону з класу galaxy: Samsung{name=Galaxy} Phone{id=96, model='Galaxy S22e', color='Amethyst', RAM=8, camera=108, usability=true}
лют. 24, 2024 4:53:15 ПП Main getSamsungsData
WARNING: Створення моделі телефону з класу galaxy: Samsung{name=Galaxy} Phone{id=96, model='Galaxy S22e', color='Amethyst', RAM=8, camera=108, usability=true}
лют. 24, 2024 4:53:15 ПП Main getSamsungsData
SEVERE: Створення моделі телефону з класу galaxy: Samsung{name=Galaxy} Phone{id=97, model='Galaxy M122 Lite', color='Emerald Green', RAM=6, camera=48, usability=true}
лют. 24, 2024 4:53:15 ПП Main getSamsungsData
WARNING: Створення моделі телефону з класу galaxy: Samsung{name=Galaxy} Phone{id=97, model='Galaxy M122 Lite', color='Emerald Green', RAM=6, camera=48, usability=true}
лют. 24, 2024 4:53:15 ПП Main getSamsungsData
SEVERE: Створення моделі телефону з класу galaxy: Samsung{name=Galaxy} Phone{id=98, model='Galaxy A72 Lite', color='Lunar Gray', RAM=8, camera=64, usability=true}
лют. 24, 2024 4:53:15 ПП Main getSamsungsData
WARNING: Створення моделі телефону з класу galaxy: Samsung{name=Galaxy} Phone{id=98, model='Galaxy A72 Lite', color='Lunar Gray', RAM=8, camera=64, usability=true}
лют. 24, 2024 4:53:15 ПП Main getSamsungsData
SEVERE: Створення моделі телефону з класу galaxy: Samsung{name=Galaxy} Phone{id=99, model='Galaxy S21 Plus Ultra', color='Starlight Blue', RAM=12, camera=12, usability=true}
лют. 24, 2024 4:53:15 ПП Main getSamsungsData
WARNING: Створення моделі телефону з класу galaxy: Samsung{name=Galaxy} Phone{id=99, model='Galaxy S21 Plus Ultra', color='Starlight Blue', RAM=12, camera=12, usability=true}
лют. 24, 2024 4:53:15 ПП Main getSamsungsData
SEVERE: Створення моделі телефону з класу galaxy: Samsung{name=Galaxy} Phone{id=100, model='Galaxy A142s', color='Topaz', RAM=3, camera=13, usability=true}
лют. 24, 2024 4:53:15 ПП Main getSamsungsData
WARNING: Створення моделі телефону з класу galaxy: Samsung{name=Galaxy} Phone{id=100, model='Galaxy A142s', color='Topaz', RAM=3, camera=13, usability=true}
