лют. 24, 2024 4:53:15 ПП Main getSamsungsData
SEVERE: Створення моделі телефону з класу galaxy: Samsung{name=Galaxy} Phone{id=1, model='Galaxy Z Flip5', color='Red', RAM=8, camera=48, usability=true}
лют. 24, 2024 4:53:15 ПП Main getSamsungsData
WARNING: Створення моделі телефону з класу galaxy: Samsung{name=Galaxy} Phone{id=1, model='Galaxy Z Flip5', color='Red', RAM=8, camera=48, usability=true}
лют. 24, 2024 4:53:15 ПП Main getSamsungsData
SEVERE: Створення моделі телефону з класу galaxy: Samsung{name=Galaxy} Phone{id=2, model='Galaxy S21', color='Phantom', RAM=8, camera=12, usability=true}
лют. 24, 2024 4:53:15 ПП Main getSamsungsData
WARNING: Створення моделі телефону з класу galaxy: Samsung{name=Galaxy} Phone{id=2, model='Galaxy S21', color='Phantom', RAM=8, camera=12, usability=true}
лют. 24, 2024 4:53:15 ПП Main getSamsungsData
SEVERE: Створення моделі телефону з класу galaxy: Samsung{name=Galaxy} Phone{id=3, model='Galaxy A52', color='Awesome', RAM=6, camera=64, usability=true}
лют. 24, 2024 4:53:15 ПП Main getSamsungsData
WARNING: Створення моделі телефону з класу galaxy: Samsung{name=Galaxy} Phone{id=3, model='Galaxy A52', color='Awesome', RAM=6, camera=64, usability=true}
лют. 24, 2024 4:53:15 ПП Main getSamsungsData
SEVERE: Створення моделі телефону з класу galaxy: Samsung{name=Galaxy} Phone{id=4, model='Galaxy Note 20', color='Mystic Bronze', RAM=8, camera=12, usability=true}
лют. 24, 2024 4:53:15 ПП Main getSamsungsData
WARNING: Створення моделі телефону з класу galaxy: Samsung{name=Galaxy} Phone{id=4, model='Galaxy Note 20', color='Mystic Bronze', RAM=8, camera=12, usability=true}
лют. 24, 2024 4:53:15 ПП Main getSamsungsData
SEVERE: Створення моделі телефону з класу galaxy: Samsung{name=Galaxy} Phone{id=5, model='Galaxy A32', color='Awesome Blue', RAM=4, camera=64, usability=true}
лют. 24, 2024 4:53:15 ПП Main getSamsungsData
WARNING: Створення моделі телефону з класу galaxy: Samsung{name=Galaxy} Phone{id=5, model='Galaxy A32', color='Awesome Blue', RAM=4, camera=64, usability=true}
лют. 24, 2024 4:53:15 ПП Main getSamsungsData
SEVERE: Створення моделі телефону з класу galaxy: Samsung{name=Galaxy} Phone{id=6, model='Galaxy Z Fold 2', color='Mystic Bronze', RAM=12, camera=12, usability=true}
лют. 24, 2024 4:53:15 ПП Main getSamsungsData
WARNING: Створення моделі телефону з класу galaxy: Samsung{name=Galaxy} Phone{id=6, model='Galaxy Z Fold 2', color='Mystic Bronze', RAM=12, camera=12, usability=true}
лют. 24, 2024 4:53:15 ПП Main getSamsungsData
SEVERE: Створення моделі телефону з класу galaxy: Samsung{name=Galaxy} Phone{id=7, model='Galaxy M32', color='Black', RAM=6, camera=64, usability=true}
лют. 24, 2024 4:53:15 ПП Main getSamsungsData
WARNING: Створення моделі телефону з класу galaxy: Samsung{name=Galaxy} Phone{id=7, model='Galaxy M32', color='Black', RAM=6, camera=64, usability=true}
лют. 24, 2024 4:53:15 ПП Main getSamsungsData
SEVERE: Створення моделі телефону з класу galaxy: Samsung{name=Galaxy} Phone{id=8, model='Galaxy A72', color='Awesome White', RAM=8, camera=64, usability=true}
лют. 24, 2024 4:53:15 ПП Main getSamsungsData
WARNING: Створення моделі телефону з класу galaxy: Samsung{name=Galaxy} Phone{id=8, model='Galaxy A72', color='Awesome White', RAM=8, camera=64, usability=true}
лют. 24, 2024 4:53:15 ПП Main getSamsungsData
SEVERE: Створення моделі телефону з класу galaxy: Samsung{name=Galaxy} Phone{id=9, model='Galaxy S21 Ultra', color='Phantom Silver', RAM=12, camera=108, usability=true}
лют. 24, 2024 4:53:15 ПП Main getSamsungsData
WARNING: Створення моделі телефону з класу galaxy: Samsung{name=Galaxy} Phone{id=9, model='Galaxy S21 Ultra', color='Phantom Silver', RAM=12, camera=108, usability=true}
лют. 24, 2024 4:53:15 ПП Main getSamsungsData
SEVERE: Створення моделі телефону з класу galaxy: Samsung{name=Galaxy} Phone{id=10, model='Galaxy Note Lite', color='Aura Black', RAM=6, camera=12, usability=true}
лют. 24, 2024 4:53:15 ПП Main getSamsungsData
WARNING: Створення моделі телефону з класу galaxy: Samsung{name=Galaxy} Phone{id=10, model='Galaxy Note Lite', color='Aura Black', RAM=6, camera=12, usability=true}
лют. 24, 2024 4:53:15 ПП Main getSamsungsData
SEVERE: Створення моделі телефону з класу galaxy: Samsung{name=Galaxy} Phone{id=11, model='Galaxy S10', color='Prism White', RAM=8, camera=12, usability=true}
лют. 24, 2024 4:53:15 ПП Main getSamsungsData
WARNING: Створення моделі телефону з класу galaxy: Samsung{name=Galaxy} Phone{id=11, model='Galaxy S10', color='Prism White', RAM=8, camera=12, usability=true}
лют. 24, 2024 4:53:15 ПП Main getSamsungsData
SEVERE: Створення моделі телефону з класу galaxy: Samsung{name=Galaxy} Phone{id=12, model='Galaxy A51', color='Prism Crush Black', RAM=4, camera=48, usability=true}
лют. 24, 2024 4:53:15 ПП Main getSamsungsData
WARNING: Створення моделі телефону з класу galaxy: Samsung{name=Galaxy} Phone{id=12, model='Galaxy A51', color='Prism Crush Black', RAM=4, camera=48, usability=true}
лют. 24, 2024 4:53:15 ПП Main getSamsungsData
SEVERE: Створення моделі телефону з класу galaxy: Samsung{name=Galaxy} Phone{id=13, model='Galaxy Z Flip', color='Mirror Purple', RAM=8, camera=12, usability=true}
лют. 24, 2024 4:53:15 ПП Main getSamsungsData
WARNING: Створення моделі телефону з класу galaxy: Samsung{name=Galaxy} Phone{id=13, model='Galaxy Z Flip', color='Mirror Purple', RAM=8, camera=12, usability=true}
лют. 24, 2024 4:53:15 ПП Main getSamsungsData
SEVERE: Створення моделі телефону з класу galaxy: Samsung{name=Galaxy} Phone{id=14, model='Galaxy M42', color='Prism Dot Gray', RAM=6, camera=48, usability=true}
лют. 24, 2024 4:53:15 ПП Main getSamsungsData
WARNING: Створення моделі телефону з класу galaxy: Samsung{name=Galaxy} Phone{id=14, model='Galaxy M42', color='Prism Dot Gray', RAM=6, camera=48, usability=true}
лют. 24, 2024 4:53:15 ПП Main getSamsungsData
SEVERE: Створення моделі телефону з класу galaxy: Samsung{name=Galaxy} Phone{id=15, model='Galaxy A12', color='Blue', RAM=4, camera=48, usability=true}
лют. 24, 2024 4:53:15 ПП Main getSamsungsData
WARNING: Створення моделі телефону з класу galaxy: Samsung{name=Galaxy} Phone{id=15, model='Galaxy A12', color='Blue', RAM=4, camera=48, usability=true}
лют. 24, 2024 4:53:15 ПП Main getSamsungsData
SEVERE: Створення моделі телефону з класу galaxy: Samsung{name=Galaxy} Phone{id=16, model='Galaxy Note 20', color='Mystic White', RAM=12, camera=108, usability=true}
лют. 24, 2024 4:53:15 ПП Main getSamsungsData
WARNING: Створення моделі телефону з класу galaxy: Samsung{name=Galaxy} Phone{id=16, model='Galaxy Note 20', color='Mystic White', RAM=12, camera=108, usability=true}
лют. 24, 2024 4:53:15 ПП Main getSamsungsData
SEVERE: Створення моделі телефону з класу galaxy: Samsung{name=Galaxy} Phone{id=17, model='Galaxy A22', color='Black', RAM=4, camera=48, usability=true}
лют. 24, 2024 4:53:15 ПП Main getSamsungsData
WARNING: Створення моделі телефону з класу galaxy: Samsung{name=Galaxy} Phone{id=17, model='Galaxy A22', color='Black', RAM=4, camera=48, usability=true}
лют. 24, 2024 4:53:15 ПП Main getSamsungsData
SEVERE: Створення моделі телефону з класу galaxy: Samsung{name=Galaxy} Phone{id=18, model='Galaxy S20 FE', color='Cloud Navy', RAM=6, camera=12, usability=true}
лют. 24, 2024 4:53:15 ПП Main getSamsungsData
WARNING: Створення моделі телефону з класу galaxy: Samsung{name=Galaxy} Phone{id=18, model='Galaxy S20 FE', color='Cloud Navy', RAM=6, camera=12, usability=true}
лют. 24, 2024 4:53:15 ПП Main getSamsungsData
SEVERE: Створення моделі телефону з класу galaxy: Samsung{name=Galaxy} Phone{id=19, model='Galaxy M51', color='Celestial Black', RAM=6, camera=64, usability=true}
лют. 24, 2024 4:53:15 ПП Main getSamsungsData
WARNING: Створення моделі телефону з класу galaxy: Samsung{name=Galaxy} Phone{id=19, model='Galaxy M51', color='Celestial Black', RAM=6, camera=64, usability=true}
лют. 24, 2024 4:53:15 ПП Main getSamsungsData
SEVERE: Створення моделі телефону з класу galaxy: Samsung{name=Galaxy} Phone{id=20, model='Galaxy A02s', color='Red', RAM=3, camera=13, usability=true}
лют. 24, 2024 4:53:15 ПП Main getSamsungsData
WARNING: Створення моделі телефону з класу galaxy: Samsung{name=Galaxy} Phone{id=20, model='Galaxy A02s', color='Red', RAM=3, camera=13, usability=true}
лют. 24, 2024 4:53:15 ПП Main getSamsungsData
SEVERE: Створення моделі телефону з класу galaxy: Samsung{name=Galaxy} Phone{id=21, model='Galaxy S9', color='Midnight Black', RAM=4, camera=12, usability=true}
лют. 24, 2024 4:53:15 ПП Main getSamsungsData
WARNING: Створення моделі телефону з класу galaxy: Samsung{name=Galaxy} Phone{id=21, model='Galaxy S9', color='Midnight Black', RAM=4, camera=12, usability=true}
лют. 24, 2024 4:53:15 ПП Main getSamsungsData
SEVERE: Створення моделі телефону з класу galaxy: Samsung{name=Galaxy} Phone{id=22, model='Galaxy A31', color='Prism Crush Blue', RAM=4, camera=48, usability=true}
лют. 24, 2024 4:53:15 ПП Main getSamsungsData
WARNING: Створення моделі телефону з класу galaxy: Samsung{name=Galaxy} Phone{id=22, model='Galaxy A31', color='Prism Crush Blue', RAM=4, camera=48, usability=true}
лют. 24, 2024 4:53:15 ПП Main getSamsungsData
SEVERE: Створення моделі телефону з класу galaxy: Samsung{name=Galaxy} Phone{id=23, model='Galaxy Fold', color='Mystic Bronze', RAM=12, camera=12, usability=true}
лют. 24, 2024 4:53:15 ПП Main getSamsungsData
WARNING: Створення моделі телефону з класу galaxy: Samsung{name=Galaxy} Phone{id=23, model='Galaxy Fold', color='Mystic Bronze', RAM=12, camera=12, usability=true}
лют. 24, 2024 4:53:15 ПП Main getSamsungsData
SEVERE: Створення моделі телефону з класу galaxy: Samsung{name=Galaxy} Phone{id=24, model='Galaxy M62', color='Laser Green', RAM=6, camera=64, usability=true}
лют. 24, 2024 4:53:15 ПП Main getSamsungsData
WARNING: Створення моделі телефону з класу galaxy: Samsung{name=Galaxy} Phone{id=24, model='Galaxy M62', color='Laser Green', RAM=6, camera=64, usability=true}
лют. 24, 2024 4:53:15 ПП Main getSamsungsData
SEVERE: Створення моделі телефону з класу galaxy: Samsung{name=Galaxy} Phone{id=25, model='Galaxy A21s', color='Black', RAM=4, camera=48, usability=true}
лют. 24, 2024 4:53:15 ПП Main getSamsungsData
WARNING: Створення моделі телефону з класу galaxy: Samsung{name=Galaxy} Phone{id=25, model='Galaxy A21s', color='Black', RAM=4, camera=48, usability=true}
лют. 24, 2024 4:53:15 ПП Main getSamsungsData
SEVERE: Створення моделі телефону з класу galaxy: Samsung{name=Galaxy} Phone{id=26, model='Galaxy S20 Ultra', color='Cosmic Gray', RAM=12, camera=108, usability=true}
лют. 24, 2024 4:53:15 ПП Main getSamsungsData
WARNING: Створення моделі телефону з класу galaxy: Samsung{name=Galaxy} Phone{id=26, model='Galaxy S20 Ultra', color='Cosmic Gray', RAM=12, camera=108, usability=true}
лют. 24, 2024 4:53:15 ПП Main getSamsungsData
SEVERE: Створення моделі телефону з класу galaxy: Samsung{name=Galaxy} Phone{id=27, model='Galaxy A03s', color='White', RAM=3, camera=13, usability=true}
лют. 24, 2024 4:53:15 ПП Main getSamsungsData
WARNING: Створення моделі телефону з класу galaxy: Samsung{name=Galaxy} Phone{id=27, model='Galaxy A03s', color='White', RAM=3, camera=13, usability=true}
лют. 24, 2024 4:53:15 ПП Main getSamsungsData
SEVERE: Створення моделі телефону з класу galaxy: Samsung{name=Galaxy} Phone{id=28, model='Galaxy Note 9', color='Ocean Blue', RAM=6, camera=12, usability=true}
лют. 24, 2024 4:53:15 ПП Main getSamsungsData
WARNING: Створення моделі телефону з класу galaxy: Samsung{name=Galaxy} Phone{id=28, model='Galaxy Note 9', color='Ocean Blue', RAM=6, camera=12, usability=true}
лют. 24, 2024 4:53:15 ПП Main getSamsungsData
SEVERE: Створення моделі телефону з класу galaxy: Samsung{name=Galaxy} Phone{id=29, model='Galaxy A71', color='Prism Crush Silver', RAM=6, camera=64, usability=true}
лют. 24, 2024 4:53:15 ПП Main getSamsungsData
WARNING: Створення моделі телефону з класу galaxy: Samsung{name=Galaxy} Phone{id=29, model='Galaxy A71', color='Prism Crush Silver', RAM=6, camera=64, usability=true}
лют. 24, 2024 4:53:15 ПП Main getSamsungsData
SEVERE: Створення моделі телефону з класу galaxy: Samsung{name=Galaxy} Phone{id=30, model='Galaxy M02', color='Blue', RAM=2, camera=13, usability=true}
лют. 24, 2024 4:53:15 ПП Main getSamsungsData
WARNING: Створення моделі телефону з класу galaxy: Samsung{name=Galaxy} Phone{id=30, model='Galaxy M02', color='Blue', RAM=2, camera=13, usability=true}
лют. 24, 2024 4:53:15 ПП Main getSamsungsData
SEVERE: Створення моделі телефону з класу galaxy: Samsung{name=Galaxy} Phone{id=31, model='Galaxy S10e', color='Canary Yellow', RAM=6, camera=12, usability=true}
лют. 24, 2024 4:53:15 ПП Main getSamsungsData
WARNING: Створення моделі телефону з класу galaxy: Samsung{name=Galaxy} Phone{id=31, model='Galaxy S10e', color='Canary Yellow', RAM=6, camera=12, usability=true}
лют. 24, 2024 4:53:15 ПП Main getSamsungsData
SEVERE: Створення моделі телефону з класу galaxy: Samsung{name=Galaxy} Phone{id=32, model='Galaxy A41', color='Prism Crush Blue', RAM=4, camera=48, usability=true}
лют. 24, 2024 4:53:15 ПП Main getSamsungsData
WARNING: Створення моделі телефону з класу galaxy: Samsung{name=Galaxy} Phone{id=32, model='Galaxy A41', color='Prism Crush Blue', RAM=4, camera=48, usability=true}
лют. 24, 2024 4:53:15 ПП Main getSamsungsData
SEVERE: Створення моделі телефону з класу galaxy: Samsung{name=Galaxy} Phone{id=33, model='Galaxy Z Fold', color='Mystic Black', RAM=12, camera=12, usability=true}
лют. 24, 2024 4:53:15 ПП Main getSamsungsData
WARNING: Створення моделі телефону з класу galaxy: Samsung{name=Galaxy} Phone{id=33, model='Galaxy Z Fold', color='Mystic Black', RAM=12, camera=12, usability=true}
лют. 24, 2024 4:53:15 ПП Main getSamsungsData
SEVERE: Створення моделі телефону з класу galaxy: Samsung{name=Galaxy} Phone{id=34, model='Galaxy M12', color='Black', RAM=4, camera=48, usability=true}
лют. 24, 2024 4:53:15 ПП Main getSamsungsData
WARNING: Створення моделі телефону з класу galaxy: Samsung{name=Galaxy} Phone{id=34, model='Galaxy M12', color='Black', RAM=4, camera=48, usability=true}
лют. 24, 2024 4:53:15 ПП Main getSamsungsData
SEVERE: Створення моделі телефону з класу galaxy: Samsung{name=Galaxy} Phone{id=35, model='Galaxy A52s', color='Awesome White', RAM=6, camera=64, usability=true}
лют. 24, 2024 4:53:15 ПП Main getSamsungsData
WARNING: Створення моделі телефону з класу galaxy: Samsung{name=Galaxy} Phone{id=35, model='Galaxy A52s', color='Awesome White', RAM=6, camera=64, usability=true}
лют. 24, 2024 4:53:15 ПП Main getSamsungsData
SEVERE: Створення моделі телефону з класу galaxy: Samsung{name=Galaxy} Phone{id=36, model='Galaxy A11', color='Black', RAM=2, camera=13, usability=true}
лют. 24, 2024 4:53:15 ПП Main getSamsungsData
WARNING: Створення моделі телефону з класу galaxy: Samsung{name=Galaxy} Phone{id=36, model='Galaxy A11', color='Black', RAM=2, camera=13, usability=true}
лют. 24, 2024 4:53:15 ПП Main getSamsungsData
SEVERE: Створення моделі телефону з класу galaxy: Samsung{name=Galaxy} Phone{id=37, model='Galaxy Note 10', color='Aura Black', RAM=8, camera=12, usability=true}
лют. 24, 2024 4:53:15 ПП Main getSamsungsData
WARNING: Створення моделі телефону з класу galaxy: Samsung{name=Galaxy} Phone{id=37, model='Galaxy Note 10', color='Aura Black', RAM=8, camera=12, usability=true}
лют. 24, 2024 4:53:15 ПП Main getSamsungsData
SEVERE: Створення моделі телефону з класу galaxy: Samsung{name=Galaxy} Phone{id=38, model='Galaxy A21', color='Red', RAM=3, camera=16, usability=true}
лют. 24, 2024 4:53:15 ПП Main getSamsungsData
WARNING: Створення моделі телефону з класу galaxy: Samsung{name=Galaxy} Phone{id=38, model='Galaxy A21', color='Red', RAM=3, camera=16, usability=true}
лют. 24, 2024 4:53:15 ПП Main getSamsungsData
SEVERE: Створення моделі телефону з класу galaxy: Samsung{name=Galaxy} Phone{id=39, model='Galaxy S8', color='Orchid Gray', RAM=4, camera=12, usability=true}
лют. 24, 2024 4:53:15 ПП Main getSamsungsData
WARNING: Створення моделі телефону з класу galaxy: Samsung{name=Galaxy} Phone{id=39, model='Galaxy S8', color='Orchid Gray', RAM=4, camera=12, usability=true}
лют. 24, 2024 4:53:15 ПП Main getSamsungsData
SEVERE: Створення моделі телефону з класу galaxy: Samsung{name=Galaxy} Phone{id=40, model='Galaxy M31s', color='Mirage Black', RAM=6, camera=64, usability=true}
лют. 24, 2024 4:53:15 ПП Main getSamsungsData
WARNING: Створення моделі телефону з класу galaxy: Samsung{name=Galaxy} Phone{id=40, model='Galaxy M31s', color='Mirage Black', RAM=6, camera=64, usability=true}
лют. 24, 2024 4:53:15 ПП Main getSamsungsData
SEVERE: Створення моделі телефону з класу galaxy: Samsung{name=Galaxy} Phone{id=41, model='Galaxy A02', color='Black', RAM=2, camera=13, usability=true}
лют. 24, 2024 4:53:15 ПП Main getSamsungsData
WARNING: Створення моделі телефону з класу galaxy: Samsung{name=Galaxy} Phone{id=41, model='Galaxy A02', color='Black', RAM=2, camera=13, usability=true}
лют. 24, 2024 4:53:15 ПП Main getSamsungsData
SEVERE: Створення моделі телефону з класу galaxy: Samsung{name=Galaxy} Phone{id=42, model='Galaxy S20', color='Cloud Blue', RAM=8, camera=12, usability=true}
лют. 24, 2024 4:53:15 ПП Main getSamsungsData
WARNING: Створення моделі телефону з класу galaxy: Samsung{name=Galaxy} Phone{id=42, model='Galaxy S20', color='Cloud Blue', RAM=8, camera=12, usability=true}
лют. 24, 2024 4:53:15 ПП Main getSamsungsData
SEVERE: Створення моделі телефону з класу galaxy: Samsung{name=Galaxy} Phone{id=43, model='Galaxy A22', color='Gray', RAM=4, camera=48, usability=true}
лют. 24, 2024 4:53:15 ПП Main getSamsungsData
WARNING: Створення моделі телефону з класу galaxy: Samsung{name=Galaxy} Phone{id=43, model='Galaxy A22', color='Gray', RAM=4, camera=48, usability=true}
лют. 24, 2024 4:53:15 ПП Main getSamsungsData
SEVERE: Створення моделі телефону з класу galaxy: Samsung{name=Galaxy} Phone{id=44, model='Galaxy M02s', color='Red', RAM=3, camera=13, usability=true}
лют. 24, 2024 4:53:15 ПП Main getSamsungsData
WARNING: Створення моделі телефону з класу galaxy: Samsung{name=Galaxy} Phone{id=44, model='Galaxy M02s', color='Red', RAM=3, camera=13, usability=true}
лют. 24, 2024 4:53:15 ПП Main getSamsungsData
SEVERE: Створення моделі телефону з класу galaxy: Samsung{name=Galaxy} Phone{id=45, model='Galaxy Note 8', color='Maple Gold', RAM=6, camera=12, usability=true}
лют. 24, 2024 4:53:15 ПП Main getSamsungsData
WARNING: Створення моделі телефону з класу galaxy: Samsung{name=Galaxy} Phone{id=45, model='Galaxy Note 8', color='Maple Gold', RAM=6, camera=12, usability=true}
лют. 24, 2024 4:53:15 ПП Main getSamsungsData
SEVERE: Створення моделі телефону з класу galaxy: Samsung{name=Galaxy} Phone{id=46, model='Galaxy A51 5G', color='Prism Cube Black', RAM=6, camera=48, usability=true}
лют. 24, 2024 4:53:15 ПП Main getSamsungsData
WARNING: Створення моделі телефону з класу galaxy: Samsung{name=Galaxy} Phone{id=46, model='Galaxy A51 5G', color='Prism Cube Black', RAM=6, camera=48, usability=true}
лют. 24, 2024 4:53:15 ПП Main getSamsungsData
SEVERE: Створення моделі телефону з класу galaxy: Samsung{name=Galaxy} Phone{id=47, model='Galaxy M11', color='Metallic Blue', RAM=3, camera=13, usability=true}
лют. 24, 2024 4:53:15 ПП Main getSamsungsData
WARNING: Створення моделі телефону з класу galaxy: Samsung{name=Galaxy} Phone{id=47, model='Galaxy M11', color='Metallic Blue', RAM=3, camera=13, usability=true}
лют. 24, 2024 4:53:15 ПП Main getSamsungsData
SEVERE: Створення моделі телефону з класу galaxy: Samsung{name=Galaxy} Phone{id=48, model='Galaxy S21 FE', color='Cloud Mint', RAM=6, camera=12, usability=true}
лют. 24, 2024 4:53:15 ПП Main getSamsungsData
WARNING: Створення моделі телефону з класу galaxy: Samsung{name=Galaxy} Phone{id=48, model='Galaxy S21 FE', color='Cloud Mint', RAM=6, camera=12, usability=true}
лют. 24, 2024 4:53:15 ПП Main getSamsungsData
SEVERE: Створення моделі телефону з класу galaxy: Samsung{name=Galaxy} Phone{id=49, model='Galaxy A32 5G', color='Awesome Black', RAM=4, camera=64, usability=false}
лют. 24, 2024 4:53:15 ПП Main getSamsungsData
WARNING: Створення моделі телефону з класу galaxy: Samsung{name=Galaxy} Phone{id=49, model='Galaxy A32 5G', color='Awesome Black', RAM=4, camera=64, usability=false}
лют. 24, 2024 4:53:15 ПП Main getSamsungsData
SEVERE: Створення моделі телефону з класу galaxy: Samsung{name=Galaxy} Phone{id=50, model='Galaxy A12s', color='Silver', RAM=4, camera=48, usability=true}
лют. 24, 2024 4:53:15 ПП Main getSamsungsData
WARNING: Створення моделі телефону з класу galaxy: Samsung{name=Galaxy} Phone{id=50, model='Galaxy A12s', color='Silver', RAM=4, camera=48, usability=true}
лют. 24, 2024 4:53:15 ПП Main getSamsungsData
SEVERE: Створення моделі телефону з класу galaxy: Samsung{name=Galaxy} Phone{id=51, model='Galaxy S21 Plus', color='Phantom Black', RAM=8, camera=12, usability=true}
лют. 24, 2024 4:53:15 ПП Main getSamsungsData
WARNING: Створення моделі телефону з класу galaxy: Samsung{name=Galaxy} Phone{id=51, model='Galaxy S21 Plus', color='Phantom Black', RAM=8, camera=12, usability=true}
лют. 24, 2024 4:53:15 ПП Main getSamsungsData
SEVERE: Створення моделі телефону з класу galaxy: Samsung{name=Galaxy} Phone{id=52, model='Galaxy A42 5G', color='Prism Dot White', RAM=6, camera=48, usability=true}
лют. 24, 2024 4:53:15 ПП Main getSamsungsData
WARNING: Створення моделі телефону з класу galaxy: Samsung{name=Galaxy} Phone{id=52, model='Galaxy A42 5G', color='Prism Dot White', RAM=6, camera=48, usability=true}
лют. 24, 2024 4:53:15 ПП Main getSamsungsData
SEVERE: Створення моделі телефону з класу galaxy: Samsung{name=Galaxy} Phone{id=53, model='Galaxy M52', color='Ocean Blue', RAM=6, camera=64, usability=true}
лют. 24, 2024 4:53:15 ПП Main getSamsungsData
WARNING: Створення моделі телефону з класу galaxy: Samsung{name=Galaxy} Phone{id=53, model='Galaxy M52', color='Ocean Blue', RAM=6, camera=64, usability=true}
лют. 24, 2024 4:53:15 ПП Main getSamsungsData
SEVERE: Створення моделі телефону з класу galaxy: Samsung{name=Galaxy} Phone{id=54, model='Galaxy A82', color='Mystic Silver', RAM=8, camera=64, usability=true}
лют. 24, 2024 4:53:15 ПП Main getSamsungsData
WARNING: Створення моделі телефону з класу galaxy: Samsung{name=Galaxy} Phone{id=54, model='Galaxy A82', color='Mystic Silver', RAM=8, camera=64, usability=true}
лют. 24, 2024 4:53:15 ПП Main getSamsungsData
SEVERE: Створення моделі телефону з класу galaxy: Samsung{name=Galaxy} Phone{id=55, model='Galaxy S22', color='Emerald Green', RAM=12, camera=108, usability=true}
лют. 24, 2024 4:53:15 ПП Main getSamsungsData
WARNING: Створення моделі телефону з класу galaxy: Samsung{name=Galaxy} Phone{id=55, model='Galaxy S22', color='Emerald Green', RAM=12, camera=108, usability=true}
лют. 24, 2024 4:53:15 ПП Main getSamsungsData
SEVERE: Створення моделі телефону з класу galaxy: Samsung{name=Galaxy} Phone{id=56, model='Galaxy M72', color='Charcoal Black', RAM=8, camera=64, usability=true}
лют. 24, 2024 4:53:15 ПП Main getSamsungsData
WARNING: Створення моделі телефону з класу galaxy: Samsung{name=Galaxy} Phone{id=56, model='Galaxy M72', color='Charcoal Black', RAM=8, camera=64, usability=true}
лют. 24, 2024 4:53:15 ПП Main getSamsungsData
SEVERE: Створення моделі телефону з класу galaxy: Samsung{name=Galaxy} Phone{id=57, model='Galaxy A22 Lite', color='Lavender', RAM=4, camera=48, usability=true}
лют. 24, 2024 4:53:15 ПП Main getSamsungsData
WARNING: Створення моделі телефону з класу galaxy: Samsung{name=Galaxy} Phone{id=57, model='Galaxy A22 Lite', color='Lavender', RAM=4, camera=48, usability=true}
лют. 24, 2024 4:53:15 ПП Main getSamsungsData
SEVERE: Створення моделі телефону з класу galaxy: Samsung{name=Galaxy} Phone{id=58, model='Galaxy S21 Edition', color='Cloud White', RAM=6, camera=12, usability=true}
лют. 24, 2024 4:53:15 ПП Main getSamsungsData
WARNING: Створення моделі телефону з класу galaxy: Samsung{name=Galaxy} Phone{id=58, model='Galaxy S21 Edition', color='Cloud White', RAM=6, camera=12, usability=true}
лют. 24, 2024 4:53:15 ПП Main getSamsungsData
SEVERE: Створення моделі телефону з класу galaxy: Samsung{name=Galaxy} Phone{id=59, model='Galaxy A62', color='Rose Gold', RAM=6, camera=64, usability=true}
лют. 24, 2024 4:53:15 ПП Main getSamsungsData
WARNING: Створення моделі телефону з класу galaxy: Samsung{name=Galaxy} Phone{id=59, model='Galaxy A62', color='Rose Gold', RAM=6, camera=64, usability=true}
лют. 24, 2024 4:53:15 ПП Main getSamsungsData
SEVERE: Створення моделі телефону з класу galaxy: Samsung{name=Galaxy} Phone{id=60, model='Galaxy S11', color='Aurora Blue', RAM=8, camera=108, usability=true}
лют. 24, 2024 4:53:15 ПП Main getSamsungsData
WARNING: Створення моделі телефону з класу galaxy: Samsung{name=Galaxy} Phone{id=60, model='Galaxy S11', color='Aurora Blue', RAM=8, camera=108, usability=true}
лют. 24, 2024 4:53:15 ПП Main getSamsungsData
SEVERE: Створення моделі телефону з класу galaxy: Samsung{name=Galaxy} Phone{id=61, model='Galaxy M82', color='Midnight Blue', RAM=8, camera=64, usability=true}
лют. 24, 2024 4:53:15 ПП Main getSamsungsData
WARNING: Створення моделі телефону з класу galaxy: Samsung{name=Galaxy} Phone{id=61, model='Galaxy M82', color='Midnight Blue', RAM=8, camera=64, usability=true}
лют. 24, 2024 4:53:15 ПП Main getSamsungsData
SEVERE: Створення моделі телефону з класу galaxy: Samsung{name=Galaxy} Phone{id=62, model='Galaxy A52 Lite', color='Awesome Violet', RAM=4, camera=64, usability=true}
лют. 24, 2024 4:53:15 ПП Main getSamsungsData
WARNING: Створення моделі телефону з класу galaxy: Samsung{name=Galaxy} Phone{id=62, model='Galaxy A52 Lite', color='Awesome Violet', RAM=4, camera=64, usability=true}
лют. 24, 2024 4:53:15 ПП Main getSamsungsData
SEVERE: Створення моделі телефону з класу galaxy: Samsung{name=Galaxy} Phone{id=63, model='Galaxy S21 Note', color='Mystic Gray', RAM=8, camera=12, usability=true}
лют. 24, 2024 4:53:15 ПП Main getSamsungsData
WARNING: Створення моделі телефону з класу galaxy: Samsung{name=Galaxy} Phone{id=63, model='Galaxy S21 Note', color='Mystic Gray', RAM=8, camera=12, usability=true}
лют. 24, 2024 4:53:15 ПП Main getSamsungsData
SEVERE: Створення моделі телефону з класу galaxy: Samsung{name=Galaxy} Phone{id=64, model='Galaxy M92', color='Pearl White', RAM=8, camera=64, usability=true}
